<?xml version="1.0" encoding="UTF-8"?>
<!-- Generated by org.testng.reporters.JUnitXMLReporter -->
<testsuite ignored="0" hostname="DESKTOP-PS8FMGO" failures="0" tests="5" name="Default test" time="88.083" errors="0" timestamp="23 Feb 2021 09:49:48 GMT">
  <testcase classname="com.org.tests.TeamMembershipTests" name="tc_01_ViewPlanClick" time="3.978"/>
  <testcase classname="com.org.tests.TeamMembershipTests" name="tc_03_UpgradeButtonClick" time="14.942"/>
  <testcase classname="com.org.tests.TeamMembershipTests" name="tc_04_CheckForYearlyBillingPeriod" time="6.898"/>
  <testcase classname="com.org.tests.TeamMembershipTests" name="tc_05_CheckForMonthlyBillingPeriod" time="6.723"/>
  <testcase classname="com.org.tests.TeamMembershipTests" name="tc_06_CheckCreditCardDetails" time="0.002"/>
</testsuite> <!-- Default test -->
