<?xml version="1.0" encoding="UTF-8"?>
<!-- Generated by org.testng.reporters.JUnitXMLReporter -->
<testsuite ignored="0" hostname="DESKTOP-PS8FMGO" failures="0" tests="5" name="Surefire test" time="90.315" errors="0" timestamp="22 Feb 2021 23:08:17 GMT">
  <testcase classname="com.org.tests.TeamMembershipTests" name="tc_01_ViewPlanClick" time="4.136"/>
  <testcase classname="com.org.tests.TeamMembershipTests" name="tc_03_UpgradeButtonClick" time="15.051"/>
  <testcase classname="com.org.tests.TeamMembershipTests" name="tc_04_CheckForYearlyBillingPeriod" time="6.721"/>
  <testcase classname="com.org.tests.TeamMembershipTests" name="tc_05_CheckForMonthlyBillingPeriod" time="7.155"/>
  <testcase classname="com.org.tests.TeamMembershipTests" name="tc_06_CheckCreditCardDetails" time="0.0"/>
</testsuite> <!-- Surefire test -->
