<?xml version="1.0" encoding="UTF-8"?>
<testng-results ignored="0" total="5" passed="5" failed="0" skipped="0">
  <reporter-output>
  </reporter-output>
  <suite started-at="2021-02-23T09:48:20Z" name="Default suite" finished-at="2021-02-23T09:49:48Z" duration-ms="88083">
    <groups>
    </groups>
    <test started-at="2021-02-23T09:48:20Z" name="Default test" finished-at="2021-02-23T09:49:48Z" duration-ms="88083">
      <class name="com.org.tests.TeamMembershipTests">
        <test-method is-config="true" signature="setUp()[pri:0, instance:com.org.tests.TeamMembershipTests@48e1f6c7]" started-at="2021-02-23T10:48:20Z" name="setUp" finished-at="2021-02-23T10:48:31Z" duration-ms="10741" status="PASS">
          <reporter-output>
          </reporter-output>
        </test-method> <!-- setUp -->
        <test-method signature="tc_01_ViewPlanClick()[pri:0, instance:com.org.tests.TeamMembershipTests@48e1f6c7]" started-at="2021-02-23T10:48:31Z" name="tc_01_ViewPlanClick" finished-at="2021-02-23T10:48:35Z" duration-ms="3978" status="PASS">
          <reporter-output>
          </reporter-output>
        </test-method> <!-- tc_01_ViewPlanClick -->
        <test-method is-config="true" signature="teardown(org.testng.ITestResult)[pri:0, instance:com.org.tests.TeamMembershipTests@48e1f6c7]" started-at="2021-02-23T10:48:35Z" name="teardown" finished-at="2021-02-23T10:48:36Z" duration-ms="954" status="PASS">
          <params>
            <param index="0">
              <value>
                <![CDATA[[TestResult name=tc_01_ViewPlanClick status=SUCCESS method=TeamMembershipTests.tc_01_ViewPlanClick()[pri:0, instance:com.org.tests.TeamMembershipTests@48e1f6c7] output={null}]]]>
              </value>
            </param>
          </params>
          <reporter-output>
          </reporter-output>
        </test-method> <!-- teardown -->
        <test-method is-config="true" signature="setUp()[pri:0, instance:com.org.tests.TeamMembershipTests@48e1f6c7]" started-at="2021-02-23T10:48:36Z" name="setUp" finished-at="2021-02-23T10:48:46Z" duration-ms="10010" status="PASS">
          <reporter-output>
          </reporter-output>
        </test-method> <!-- setUp -->
        <test-method signature="tc_03_UpgradeButtonClick()[pri:0, instance:com.org.tests.TeamMembershipTests@48e1f6c7]" started-at="2021-02-23T10:48:46Z" name="tc_03_UpgradeButtonClick" finished-at="2021-02-23T10:49:01Z" duration-ms="14942" status="PASS">
          <reporter-output>
          </reporter-output>
        </test-method> <!-- tc_03_UpgradeButtonClick -->
        <test-method is-config="true" signature="teardown(org.testng.ITestResult)[pri:0, instance:com.org.tests.TeamMembershipTests@48e1f6c7]" started-at="2021-02-23T10:49:01Z" name="teardown" finished-at="2021-02-23T10:49:02Z" duration-ms="829" status="PASS">
          <params>
            <param index="0">
              <value>
                <![CDATA[[TestResult name=tc_03_UpgradeButtonClick status=SUCCESS method=TeamMembershipTests.tc_03_UpgradeButtonClick()[pri:0, instance:com.org.tests.TeamMembershipTests@48e1f6c7] output={null}]]]>
              </value>
            </param>
          </params>
          <reporter-output>
          </reporter-output>
        </test-method> <!-- teardown -->
        <test-method is-config="true" signature="setUp()[pri:0, instance:com.org.tests.TeamMembershipTests@48e1f6c7]" started-at="2021-02-23T10:49:02Z" name="setUp" finished-at="2021-02-23T10:49:12Z" duration-ms="9923" status="PASS">
          <reporter-output>
          </reporter-output>
        </test-method> <!-- setUp -->
        <test-method signature="tc_04_CheckForYearlyBillingPeriod()[pri:0, instance:com.org.tests.TeamMembershipTests@48e1f6c7]" started-at="2021-02-23T10:49:12Z" name="tc_04_CheckForYearlyBillingPeriod" finished-at="2021-02-23T10:49:18Z" duration-ms="6898" status="PASS">
          <reporter-output>
          </reporter-output>
        </test-method> <!-- tc_04_CheckForYearlyBillingPeriod -->
        <test-method is-config="true" signature="teardown(org.testng.ITestResult)[pri:0, instance:com.org.tests.TeamMembershipTests@48e1f6c7]" started-at="2021-02-23T10:49:18Z" name="teardown" finished-at="2021-02-23T10:49:19Z" duration-ms="888" status="PASS">
          <params>
            <param index="0">
              <value>
                <![CDATA[[TestResult name=tc_04_CheckForYearlyBillingPeriod status=SUCCESS method=TeamMembershipTests.tc_04_CheckForYearlyBillingPeriod()[pri:0, instance:com.org.tests.TeamMembershipTests@48e1f6c7] output={null}]]]>
              </value>
            </param>
          </params>
          <reporter-output>
          </reporter-output>
        </test-method> <!-- teardown -->
        <test-method is-config="true" signature="setUp()[pri:0, instance:com.org.tests.TeamMembershipTests@48e1f6c7]" started-at="2021-02-23T10:49:19Z" name="setUp" finished-at="2021-02-23T10:49:30Z" duration-ms="10724" status="PASS">
          <reporter-output>
          </reporter-output>
        </test-method> <!-- setUp -->
        <test-method signature="tc_05_CheckForMonthlyBillingPeriod()[pri:0, instance:com.org.tests.TeamMembershipTests@48e1f6c7]" started-at="2021-02-23T10:49:30Z" name="tc_05_CheckForMonthlyBillingPeriod" finished-at="2021-02-23T10:49:37Z" duration-ms="6723" status="PASS">
          <reporter-output>
          </reporter-output>
        </test-method> <!-- tc_05_CheckForMonthlyBillingPeriod -->
        <test-method is-config="true" signature="teardown(org.testng.ITestResult)[pri:0, instance:com.org.tests.TeamMembershipTests@48e1f6c7]" started-at="2021-02-23T10:49:37Z" name="teardown" finished-at="2021-02-23T10:49:38Z" duration-ms="796" status="PASS">
          <params>
            <param index="0">
              <value>
                <![CDATA[[TestResult name=tc_05_CheckForMonthlyBillingPeriod status=SUCCESS method=TeamMembershipTests.tc_05_CheckForMonthlyBillingPeriod()[pri:0, instance:com.org.tests.TeamMembershipTests@48e1f6c7] output={null}]]]>
              </value>
            </param>
          </params>
          <reporter-output>
          </reporter-output>
        </test-method> <!-- teardown -->
        <test-method is-config="true" signature="setUp()[pri:0, instance:com.org.tests.TeamMembershipTests@48e1f6c7]" started-at="2021-02-23T10:49:38Z" name="setUp" finished-at="2021-02-23T10:49:48Z" duration-ms="9911" status="PASS">
          <reporter-output>
          </reporter-output>
        </test-method> <!-- setUp -->
        <test-method signature="tc_06_CheckCreditCardDetails()[pri:0, instance:com.org.tests.TeamMembershipTests@48e1f6c7]" started-at="2021-02-23T10:49:48Z" name="tc_06_CheckCreditCardDetails" finished-at="2021-02-23T10:49:48Z" duration-ms="2" status="PASS">
          <reporter-output>
          </reporter-output>
        </test-method> <!-- tc_06_CheckCreditCardDetails -->
        <test-method is-config="true" signature="teardown(org.testng.ITestResult)[pri:0, instance:com.org.tests.TeamMembershipTests@48e1f6c7]" started-at="2021-02-23T10:49:48Z" name="teardown" finished-at="2021-02-23T10:49:48Z" duration-ms="727" status="PASS">
          <params>
            <param index="0">
              <value>
                <![CDATA[[TestResult name=tc_06_CheckCreditCardDetails status=SUCCESS method=TeamMembershipTests.tc_06_CheckCreditCardDetails()[pri:0, instance:com.org.tests.TeamMembershipTests@48e1f6c7] output={null}]]]>
              </value>
            </param>
          </params>
          <reporter-output>
          </reporter-output>
        </test-method> <!-- teardown -->
      </class> <!-- com.org.tests.TeamMembershipTests -->
    </test> <!-- Default test -->
  </suite> <!-- Default suite -->
</testng-results>
